2017-06-03 22:21:45.4792|INFO|FileStorage.Log.Logger|Create file, id: 0f380a3e-86cb-4177-aba8-430fd491cee4
2017-06-03 22:21:45.5643|INFO|FileStorage.Log.Logger|Update content of file, id: 0f380a3e-86cb-4177-aba8-430fd491cee4
2017-06-03 23:06:33.6130|INFO|FileStorage.Log.Logger|Delete file, id: 921fd361-c2ea-4d22-96a4-6461b2e253e2
2017-06-03 23:06:37.8208|INFO|FileStorage.Log.Logger|Delete file, id: 0f380a3e-86cb-4177-aba8-430fd491cee4
2017-06-03 23:06:46.8314|INFO|FileStorage.Log.Logger|Create file, id: 9b5e0ae6-cead-48ea-8039-4f643ff7ae1d
2017-06-03 23:06:46.8499|INFO|FileStorage.Log.Logger|Update content of file, id: 9b5e0ae6-cead-48ea-8039-4f643ff7ae1d
2017-06-03 23:06:52.7197|INFO|FileStorage.Log.Logger|Delete file, id: 9b5e0ae6-cead-48ea-8039-4f643ff7ae1d
2017-06-03 23:06:59.6286|INFO|FileStorage.Log.Logger|Create file, id: 5b6c8d17-d67b-4d2a-82c9-898fb8b6dac4
2017-06-03 23:06:59.6441|INFO|FileStorage.Log.Logger|Update content of file, id: 5b6c8d17-d67b-4d2a-82c9-898fb8b6dac4
2017-06-03 23:38:32.4866|ERROR|FileStorage.Log.Logger|Error while creating new comment | Ссылка на объект не указывает на экземпляр объекта.
2017-06-03 23:42:10.4449|ERROR|FileStorage.Log.Logger|Error while creating new comment | Ссылка на объект не указывает на экземпляр объекта.
2017-06-03 23:42:38.8560|INFO|FileStorage.Log.Logger|Create comment, id: 069c4f02-7f74-4513-bffb-5b194ad485c4
2017-06-05 16:07:40.0092|INFO|FileStorage.Log.Logger|Create comment, id: 844dd2d0-ddc3-4940-aa54-506f582d001d
2017-06-05 16:42:19.0612|INFO|FileStorage.Log.Logger|Create comment, id: a49da490-00b0-4699-a91c-1eb106ba6dfc
2017-06-05 16:42:28.0208|INFO|FileStorage.Log.Logger|Delete comment, id: a49da490-00b0-4699-a91c-1eb106ba6dfc
2017-06-05 17:22:42.2004|INFO|FileStorage.Log.Logger|Give access to file, id: 21daedbc-2a9a-4bcc-b223-a2ab23afe421 to user, id: e5277da8-89f7-4a5f-a7a3-2937fae9ac17 
2017-06-05 17:36:39.8645|INFO|FileStorage.Log.Logger|Create file, id: de5b7436-33da-42ee-8b0d-f5e046be8bf6
2017-06-05 17:36:39.9022|INFO|FileStorage.Log.Logger|Update content of file, id: de5b7436-33da-42ee-8b0d-f5e046be8bf6
2017-06-05 17:37:00.0050|INFO|FileStorage.Log.Logger|Give access to file, id: de5b7436-33da-42ee-8b0d-f5e046be8bf6 to user, id: 705537e6-c136-4c62-a34e-7871961d6d30 
2017-06-05 19:15:30.6128|INFO|FileStorage.Log.Logger|Delete access to file, id: de5b7436-33da-42ee-8b0d-f5e046be8bf6 for user, id: 705537e6-c136-4c62-a34e-7871961d6d30 
2017-06-05 19:23:37.5567|INFO|FileStorage.Log.Logger|Create comment, id: 04c0f77f-f260-4357-8b78-9b9ad88bc4a9
2017-06-05 19:24:19.1140|INFO|FileStorage.Log.Logger|Delete comment, id: 04c0f77f-f260-4357-8b78-9b9ad88bc4a9
2017-06-05 19:27:37.1226|INFO|FileStorage.Log.Logger|Create comment, id: 10b76e05-6583-44b4-9d11-b28567aef549
2017-06-05 19:37:28.3001|INFO|FileStorage.Log.Logger|Create comment, id: e5d810bd-e3e4-4fd1-8869-f8a0de9bdfcd
2017-06-05 19:37:46.4529|INFO|FileStorage.Log.Logger|Create file, id: 8623128f-0028-4512-805a-0536c5692d6c
2017-06-05 19:37:46.4685|INFO|FileStorage.Log.Logger|Update content of file, id: 8623128f-0028-4512-805a-0536c5692d6c
2017-06-05 19:53:36.0296|INFO|FileStorage.Log.Logger|Create file, id: d28a137a-6fca-41af-8ff0-8d2111e07760
2017-06-05 19:53:36.0765|INFO|FileStorage.Log.Logger|Update content of file, id: d28a137a-6fca-41af-8ff0-8d2111e07760
2017-06-05 20:59:18.0658|INFO|FileStorage.Log.Logger|Give access to file, id: 8623128f-0028-4512-805a-0536c5692d6c to user, id: e5277da8-89f7-4a5f-a7a3-2937fae9ac17 
2017-06-05 21:00:12.4240|INFO|FileStorage.Log.Logger|Delete access to file, id: 8623128f-0028-4512-805a-0536c5692d6c for user, id: e5277da8-89f7-4a5f-a7a3-2937fae9ac17 
2017-06-06 00:29:52.5877|INFO|FileStorage.Log.Logger|Give access to file, id: de5b7436-33da-42ee-8b0d-f5e046be8bf6 to user, id: e5277da8-89f7-4a5f-a7a3-2937fae9ac17 
2017-06-06 01:06:08.3827|INFO|FileStorage.Log.Logger|Create file, id: ec94107e-71ea-4dfb-a93b-05f1d3addce1
2017-06-06 01:06:08.4139|INFO|FileStorage.Log.Logger|Update content of file, id: ec94107e-71ea-4dfb-a93b-05f1d3addce1
2017-06-06 01:06:26.0807|INFO|FileStorage.Log.Logger|Create file, id: 750691d9-28f0-4313-9c3f-007e42811447
2017-06-06 01:06:26.0947|INFO|FileStorage.Log.Logger|Update content of file, id: 750691d9-28f0-4313-9c3f-007e42811447
2017-06-06 01:06:31.6125|INFO|FileStorage.Log.Logger|Create file, id: 5a21f2e4-d3c3-4267-9889-e69fbfb41c02
2017-06-06 01:06:31.6125|INFO|FileStorage.Log.Logger|Update content of file, id: 5a21f2e4-d3c3-4267-9889-e69fbfb41c02
2017-06-06 01:06:38.2595|INFO|FileStorage.Log.Logger|Create file, id: f42664d3-6157-41a6-88d0-aa0f04616618
2017-06-06 01:06:38.2751|INFO|FileStorage.Log.Logger|Update content of file, id: f42664d3-6157-41a6-88d0-aa0f04616618
2017-06-06 01:07:08.1306|INFO|FileStorage.Log.Logger|Create file, id: 1885857e-8827-414d-a0c7-9edf6309b944
2017-06-06 01:07:08.1462|INFO|FileStorage.Log.Logger|Update content of file, id: 1885857e-8827-414d-a0c7-9edf6309b944
2017-06-06 01:08:07.1807|INFO|FileStorage.Log.Logger|Delete file, id: de5b7436-33da-42ee-8b0d-f5e046be8bf6
2017-06-06 01:08:07.2340|ERROR|FileStorage.Log.Logger|Error while deleting file, id: de5b7436-33da-42ee-8b0d-f5e046be8bf6 | Конфликт инструкции DELETE с ограничением REFERENCE "FK_Comment_File". Конфликт произошел в базе данных "Dropbox", таблица "dbo.Comments", column 'FileId'.
Выполнение данной инструкции было прервано.
2017-06-06 01:08:29.0135|INFO|FileStorage.Log.Logger|Delete file, id: 8623128f-0028-4512-805a-0536c5692d6c
2017-06-06 01:08:33.9512|INFO|FileStorage.Log.Logger|Delete file, id: de5b7436-33da-42ee-8b0d-f5e046be8bf6
2017-06-06 01:08:33.9512|ERROR|FileStorage.Log.Logger|Error while deleting file, id: de5b7436-33da-42ee-8b0d-f5e046be8bf6 | Конфликт инструкции DELETE с ограничением REFERENCE "FK_Comment_File". Конфликт произошел в базе данных "Dropbox", таблица "dbo.Comments", column 'FileId'.
Выполнение данной инструкции было прервано.
2017-06-06 01:09:48.0604|INFO|FileStorage.Log.Logger|Create comment, id: f98010d1-7382-4d41-aa24-6e2918fe508e
2017-06-06 01:12:29.6887|INFO|FileStorage.Log.Logger|Give access to file, id: d28a137a-6fca-41af-8ff0-8d2111e07760 to user, id: e5277da8-89f7-4a5f-a7a3-2937fae9ac17 
2017-06-06 01:12:40.1316|INFO|FileStorage.Log.Logger|Give access to file, id: ec94107e-71ea-4dfb-a93b-05f1d3addce1 to user, id: e5277da8-89f7-4a5f-a7a3-2937fae9ac17 
2017-06-06 01:12:48.1811|INFO|FileStorage.Log.Logger|Give access to file, id: 750691d9-28f0-4313-9c3f-007e42811447 to user, id: e5277da8-89f7-4a5f-a7a3-2937fae9ac17 
2017-06-06 01:12:54.9745|INFO|FileStorage.Log.Logger|Give access to file, id: 5a21f2e4-d3c3-4267-9889-e69fbfb41c02 to user, id: e5277da8-89f7-4a5f-a7a3-2937fae9ac17 
2017-06-06 01:13:05.6930|INFO|FileStorage.Log.Logger|Give access to file, id: f42664d3-6157-41a6-88d0-aa0f04616618 to user, id: e5277da8-89f7-4a5f-a7a3-2937fae9ac17 
2017-06-06 01:16:01.2533|INFO|FileStorage.Log.Logger|Create comment, id: 6cbd7714-801e-4d43-b4e3-0b17ee919175
2017-06-06 01:30:32.9049|INFO|FileStorage.Log.Logger|Give access to file, id: d28a137a-6fca-41af-8ff0-8d2111e07760 to user, id: e5277da8-89f7-4a5f-a7a3-2937fae9ac17 
2017-06-06 01:41:22.1361|INFO|FileStorage.Log.Logger|Create file, id: cdd9d494-7320-45ea-9f44-2905775a301c
2017-06-06 01:41:22.2149|INFO|FileStorage.Log.Logger|Update content of file, id: cdd9d494-7320-45ea-9f44-2905775a301c
2017-06-06 01:41:31.3505|INFO|FileStorage.Log.Logger|Delete file, id: cdd9d494-7320-45ea-9f44-2905775a301c
2017-06-06 01:42:03.8522|INFO|FileStorage.Log.Logger|Create file, id: 053d3a95-ab20-4acf-ac6a-4556c975f7b2
2017-06-06 01:42:03.8522|INFO|FileStorage.Log.Logger|Update content of file, id: 053d3a95-ab20-4acf-ac6a-4556c975f7b2
